
> react-typescript-starter@0.1.0 test
> react-scripts test

PASS src/nested.test.ts
PASS src/arrays.test.ts
  ● Console

    console.log
      [ 1, 2, 3 ]

      at bookEndList (src/arrays.ts:8:13)

    console.log
      [ 100, 300, 200 ]

      at bookEndList (src/arrays.ts:8:13)

    console.log
      [ 5 ]

      at bookEndList (src/arrays.ts:8:13)

    console.log
      []

      at bookEndList (src/arrays.ts:8:13)

    console.log
      [ 100, 199, 1, -5, 7, 3 ]

      at bookEndList (src/arrays.ts:8:13)

    console.log
      [ -100, -200, 100, 200 ]

      at bookEndList (src/arrays.ts:8:13)

PASS src/objects.test.ts
PASS src/HtmlCss.test.tsx
PASS src/functions.test.ts
PASS src/text.test.tsx
PASS src/App.test.tsx
----------------|---------|----------|---------|---------|-------------------
File            | % Stmts | % Branch | % Funcs | % Lines | Uncovered Line #s 
----------------|---------|----------|---------|---------|-------------------
All files       |   98.96 |    96.96 |     100 |   98.91 |                   
 src            |   98.96 |    96.96 |     100 |   98.91 |                   
  App.tsx       |     100 |      100 |     100 |     100 |                   
  arrays.ts     |     100 |      100 |     100 |     100 |                   
  functions.ts  |     100 |      100 |     100 |     100 |                   
  nested.ts     |   98.59 |    94.11 |     100 |    98.5 | 79                
  objects.ts    |   97.87 |    92.85 |     100 |   97.82 | 37                
 src/interfaces |       0 |        0 |       0 |       0 |                   
  answer.ts     |       0 |        0 |       0 |       0 |                   
  question.ts   |       0 |        0 |       0 |       0 |                   
----------------|---------|----------|---------|---------|-------------------

Test Suites: 7 passed, 7 total
Tests:       49 passed, 49 total
Snapshots:   0 total
Time:        6.657 s
Ran all test suites.
